<?xml version="1.0" encoding="UTF-8"?>
<!-- Generated by org.testng.reporters.JUnitReportReporter -->
<testsuite hostname="DESKTOP-SVT8K9A" failures="0" tests="1" name="newProj_demoqa_forms_TestCases.TC15_new" time="2.242" errors="0" timestamp="2 Oct 2021 21:18:17 GMT">
  <testcase classname="newProj_demoqa_forms_TestCases.TC15_new" name="read" time="2.242"/>
</testsuite> <!-- newProj_demoqa_forms_TestCases.TC15_new -->
