<?xml version="1.0" encoding="UTF-8"?>
<!-- Generated by org.testng.reporters.JUnitReportReporter -->
<testsuite hostname="DESKTOP-SVT8K9A" failures="0" tests="1" name="newProj_demoqa_forms_TestCases.TC01_OpenForms" time="10.020" errors="0" timestamp="2 Oct 2021 20:03:48 GMT">
  <testcase classname="newProj_demoqa_forms_TestCases.TC01_OpenForms" name="tc01_openForms" time="10.020"/>
</testsuite> <!-- newProj_demoqa_forms_TestCases.TC01_OpenForms -->
